#
# There is insufficient memory for the Java Runtime Environment to continue.
# Native memory allocation (malloc) failed to allocate 1048576 bytes for AllocateHeap
# Possible reasons:
#   The system is out of physical RAM or swap space
#   In 32 bit mode, the process size limit was hit
# Possible solutions:
#   Reduce memory load on the system
#   Increase physical memory or swap space
#   Check if swap backing store is full
#   Use 64 bit Java on a 64 bit OS
#   Decrease Java heap size (-Xmx/-Xms)
#   Decrease number of Java threads
#   Decrease Java thread stack sizes (-Xss)
#   Set larger code cache with -XX:ReservedCodeCacheSize=
# This output file may be truncated or incomplete.
#
#  Out of Memory Error (memory/allocation.inline.hpp:61), pid=1392, tid=0x0000000000000fdc
#
# JRE version:  (8.0_161-b12) (build )
# Java VM: Java HotSpot(TM) 64-Bit Server VM (25.161-b12 mixed mode windows-amd64 compressed oops)
# Failed to write core dump. Minidumps are not enabled by default on client versions of Windows
#

---------------  T H R E A D  ---------------

Current thread (0x000000000215e800):  JavaThread "Unknown thread" [_thread_in_vm, id=4060, stack(0x00000000022e0000,0x00000000023e0000)]

Stack: [0x00000000022e0000,0x00000000023e0000]
[error occurred during error reporting (printing stack bounds), id 0xc0000005]

Native frames: (J=compiled Java code, j=interpreted, Vv=VM code, C=native code)


---------------  P R O C E S S  ---------------

Java Threads: ( => current thread )

Other Threads:

=>0x000000000215e800 (exited) JavaThread "Unknown thread" [_thread_in_vm, id=4060, stack(0x00000000022e0000,0x00000000023e0000)]

VM state:not at safepoint (normal execution)

VM Mutex/Monitor currently owned by a thread: None

Heap:
 PSYoungGen      total 9728K, used 174K [0x00000000f5d00000, 0x00000000f6780000, 0x0000000100000000)
  eden space 8704K, 2% used [0x00000000f5d00000,0x00000000f5d2b860,0x00000000f6580000)
  from space 1024K, 0% used [0x00000000f6680000,0x00000000f6680000,0x00000000f6780000)
  to   space 1024K, 0% used [0x00000000f6580000,0x00000000f6580000,0x00000000f6680000)
 ParOldGen       total 22016K, used 0K [0x00000000e1600000, 0x00000000e2b80000, 0x00000000f5d00000)
  object space 22016K, 0% used [0x00000000e1600000,0x00000000e1600000,0x00000000e2b80000)
 Metaspace       used 770K, capacity 4480K, committed 4480K, reserved 1056768K
  class space    used 75K, capacity 384K, committed 384K, reserved 1048576K

Card table byte_map: [0x0000000011a70000,0x0000000011b70000] byte_map_base: 0x0000000011365000

Marking Bits: (ParMarkBitMap*) 0x0000000071aef860
 Begin Bits: [0x0000000012070000, 0x0000000012818000)
 End Bits:   [0x0000000012818000, 0x0000000012fc0000)

Polling page: 0x0000000000340000

CodeCache: size=245760Kb used=328Kb max_used=328Kb free=245431Kb
 bounds [0x00000000026b0000, 0x0000000002920000, 0x00000000116b0000]
 total_blobs=58 nmethods=0 adapters=38
 compilation: enabled

Compilation events (0 events):
No events

GC Heap History (0 events):
No events

Deoptimization events (0 events):
No events

Classes redefined (0 events):
No events

Internal exceptions (0 events):
No events

Events (10 events):
Event: 0.109 loading class java/lang/Short
Event: 0.109 loading class java/lang/Short done
Event: 0.109 loading class java/lang/Integer
Event: 0.109 loading class java/lang/Integer done
Event: 0.109 loading class java/lang/Long
Event: 0.109 loading class java/lang/Long done
Event: 0.110 loading class java/lang/NullPointerException
Event: 0.110 loading class java/lang/NullPointerException done
Event: 0.110 loading class java/lang/ArithmeticException
Event: 0.110 loading class java/lang/ArithmeticException done


Dynamic libraries:
0x000000013f5c0000 - 0x000000013f5f7000 	C:\Program Files\Java\jdk1.8.0_161\bin\java.exe
0x0000000077350000 - 0x00000000774f9000 	C:\Windows\SYSTEM32\ntdll.dll
0x0000000077230000 - 0x000000007734f000 	C:\Windows\system32\kernel32.dll
0x000007fefe1e0000 - 0x000007fefe24b000 	C:\Windows\system32\KERNELBASE.dll
0x000007fefea40000 - 0x000007fefeb1b000 	C:\Windows\system32\ADVAPI32.dll
0x000007feff5c0000 - 0x000007feff65f000 	C:\Windows\system32\msvcrt.dll
0x000007fefe890000 - 0x000007fefe8af000 	C:\Windows\SYSTEM32\sechost.dll
0x000007fefee90000 - 0x000007fefefbd000 	C:\Windows\system32\RPCRT4.dll
0x0000000077130000 - 0x000000007722a000 	C:\Windows\system32\USER32.dll
0x000007fefee20000 - 0x000007fefee87000 	C:\Windows\system32\GDI32.dll
0x000007fefee10000 - 0x000007fefee1e000 	C:\Windows\system32\LPK.dll
0x000007fefe360000 - 0x000007fefe429000 	C:\Windows\system32\USP10.dll
0x000007fefc660000 - 0x000007fefc854000 	C:\Windows\WinSxS\amd64_microsoft.windows.common-controls_6595b64144ccf1df_6.0.7601.17514_none_fa396087175ac9ac\COMCTL32.dll
0x000007fefeb30000 - 0x000007fefeba1000 	C:\Windows\system32\SHLWAPI.dll
0x000007fefe450000 - 0x000007fefe47e000 	C:\Windows\system32\IMM32.DLL
0x000007fefe250000 - 0x000007fefe359000 	C:\Windows\system32\MSCTF.dll
0x0000000073ff0000 - 0x00000000740c2000 	C:\Program Files\Java\jdk1.8.0_161\jre\bin\msvcr100.dll
0x00000000712d0000 - 0x0000000071b6f000 	C:\Program Files\Java\jdk1.8.0_161\jre\bin\server\jvm.dll
0x000007fefbc80000 - 0x000007fefbc89000 	C:\Windows\system32\WSOCK32.dll
0x000007fefefc0000 - 0x000007feff00d000 	C:\Windows\system32\WS2_32.dll
0x000007fefeb20000 - 0x000007fefeb28000 	C:\Windows\system32\NSI.dll
0x000007fef9160000 - 0x000007fef919b000 	C:\Windows\system32\WINMM.dll
0x000007fefcf80000 - 0x000007fefcf8c000 	C:\Windows\system32\VERSION.dll
0x0000000077510000 - 0x0000000077517000 	C:\Windows\system32\PSAPI.DLL
0x0000000074490000 - 0x000000007449f000 	C:\Program Files\Java\jdk1.8.0_161\jre\bin\verify.dll
0x0000000074380000 - 0x00000000743a9000 	C:\Program Files\Java\jdk1.8.0_161\jre\bin\java.dll
0x0000000074360000 - 0x0000000074376000 	C:\Program Files\Java\jdk1.8.0_161\jre\bin\zip.dll

VM Arguments:
jvm_args: -Dfile.encoding=UTF-8 
java_command: maintransaksi.transaksi
java_class_path (initial): C:\Program Files\NetBeans 8.2\ide\modules\ext\swingx-all-1.6.4.jar;C:\Program Files\NetBeans 8.2\ide\modules\ext\mysql-connector-java-5.1.23-bin.jar;D:\dealer_motor\build\classes
Launcher Type: SUN_STANDARD

Environment Variables:
PATH=C:\ProgramData\Oracle\Java\javapath;C:\Windows\system32;C:\Windows;C:\Windows\System32\Wbem
USERNAME=ARIFFUD
OS=Windows_NT
PROCESSOR_IDENTIFIER=Intel64 Family 6 Model 42 Stepping 7, GenuineIntel



---------------  S Y S T E M  ---------------

OS: Windows 7 , 64 bit Build 7601 (6.1.7601.23136)

CPU:total 4 (initial active 4) (2 cores per cpu, 2 threads per core) family 6 model 42 stepping 7, cmov, cx8, fxsr, mmx, sse, sse2, sse3, ssse3, sse4.1, sse4.2, popcnt, avx, clmul, ht, tsc, tscinvbit

Memory: 4k page, physical 2000024k(319556k free), swap 2000024k(5184k free)

vm_info: Java HotSpot(TM) 64-Bit Server VM (25.161-b12) for windows-amd64 JRE (1.8.0_161-b12), built on Dec 19 2017 17:52:25 by "java_re" with MS VC++ 10.0 (VS2010)

time: Thu Jan 10 23:33:18 2019
elapsed time: 0 seconds (0d 0h 0m 0s)

